<?xml version="1.0" encoding="UTF-8"?>
<!-- Generated by org.testng.reporters.JUnitReportReporter -->
<testsuite hostname="mhaskar-WX-1" failures="0" tests="5" name="test.java.runner.TestRunner" time="69.560" errors="0" timestamp="2021-03-05T15:55:10 GMT+05:30" skipped="0">
  <testcase classname="test.java.runner.TestRunner" name="feature" time="1.601"/>
  <system-out/>
  <testcase classname="test.java.runner.TestRunner" name="feature" time="1.640"/>
  <system-out/>
  <testcase classname="test.java.runner.TestRunner" name="feature" time="32.832"/>
  <system-out/>
  <testcase classname="test.java.runner.TestRunner" name="feature" time="33.228"/>
  <system-out/>
  <testcase classname="test.java.runner.TestRunner" name="feature" time="0.259"/>
  <system-out/>
</testsuite> <!-- test.java.runner.TestRunner -->
